[2025-02-16T17:54:01.857329+01:00] app_logs.ERROR: admin@bng.com - login inválido [] []
[2025-02-16T17:54:35.581141+01:00] app_logs.INFO: admin@bng.com - login com sucesso [] []
[2025-02-16T17:54:53.888620+01:00] app_logs.INFO: admin@bng.com - fez logout [] []
[2025-02-16T17:58:29.296780+01:00] app_logs.INFO: admin@bng.com - login com sucesso [] []
[2025-02-16T17:58:32.422274+01:00] app_logs.INFO: admin@bng.com - fez logout [] []
[2025-02-16T17:58:40.647565+01:00] app_logs.INFO:  - fez logout [] []
[2025-02-16T18:07:32.605625+01:00] app_logs.INFO: admin@bng.com - login com sucesso [] []
[2025-02-16T18:07:35.637991+01:00] app_logs.INFO: admin@bng.com - fez logout [] []
[2025-02-16T18:14:37.954283+01:00] app_logs.INFO: admin@bng.com - login com sucesso [] []
[2025-02-16T18:15:10.358009+01:00] app_logs.INFO: admin@bng.com - fez logout [] []
[2025-02-16T18:15:23.912600+01:00] app_logs.INFO: admin@bng.com - login com sucesso [] []
[2025-02-16T18:16:39.569720+01:00] app_logs.INFO: admin@bng.com - fez logout [] []
[2025-02-16T18:16:51.530465+01:00] app_logs.INFO: admin@bng.com - login com sucesso [] []
[2025-02-16T18:17:17.428186+01:00] app_logs.INFO: admin@bng.com - fez logout [] []
[2025-02-16T18:17:26.052370+01:00] app_logs.INFO: agente1@bng.com - login com sucesso [] []
[2025-02-16T18:17:30.714519+01:00] app_logs.INFO: agente1@bng.com - fez logout [] []
[2025-02-16T18:17:54.208169+01:00] app_logs.INFO: agente1@bng.com - login com sucesso [] []
[2025-02-16T18:18:04.946796+01:00] app_logs.INFO: agente1@bng.com - fez logout [] []
[2025-02-16T18:19:03.193596+01:00] app_logs.INFO: agente1@bng.com - login com sucesso [] []
[2025-02-16T18:19:11.200513+01:00] app_logs.INFO: agente1@bng.com - fez logout [] []
[2025-02-16T20:50:34.805094+01:00] app_logs.INFO: agente1@bng.com - login com sucesso [] []
[2025-02-16T20:55:23.256279+01:00] app_logs.INFO: agente1@bng.com - fez logout [] []
[2025-02-16T20:55:35.562694+01:00] app_logs.INFO: agente1@bng.com - login com sucesso [] []
[2025-02-16T21:17:27.010260+01:00] app_logs.INFO: agente1@bng.com - fez logout [] []
[2025-02-16T21:17:40.420887+01:00] app_logs.INFO: agente1@bng.com - login com sucesso [] []
[2025-02-17T00:18:29.457086+01:00] app_logs.INFO: agente1@bng.com - fez logout [] []
[2025-02-17T00:18:47.694045+01:00] app_logs.INFO: agente1@bng.com - login com sucesso [] []
[2025-02-17T00:18:59.771752+01:00] app_logs.INFO: agente1@bng.com - fez logout [] []
[2025-02-17T00:19:05.257651+01:00] app_logs.INFO: agente1@bng.com - login com sucesso [] []
[2025-02-18T15:09:26.574603+01:00] app_logs.INFO: agente1@bng.com - login com sucesso [] []
[2025-02-18T15:27:34.369004+01:00] app_logs.INFO: agente1@bng.com - adicionou um novo cliente: Maria Julia | mjcruz@gmail.com [] []
[2025-02-18T17:18:26.645385+01:00] app_logs.INFO: agente1@bng.com - atualizou dados do cliente ID: 7 [] []
[2025-02-18T17:18:30.197115+01:00] app_logs.INFO: agente1@bng.com - atualizou dados do cliente ID: 7 [] []
[2025-02-18T17:18:52.476604+01:00] app_logs.INFO: agente1@bng.com - atualizou dados do cliente ID: 2 [] []
[2025-02-18T17:19:10.931845+01:00] app_logs.INFO: agente1@bng.com - atualizou dados do cliente ID: 2 [] []
[2025-02-18T17:19:34.591946+01:00] app_logs.INFO: agente1@bng.com - atualizou dados do cliente ID: 2 [] []
[2025-02-18T17:19:46.250567+01:00] app_logs.INFO: agente1@bng.com - atualizou dados do cliente ID: 2 [] []
[2025-02-18T17:20:43.396668+01:00] app_logs.INFO: agente1@bng.com - atualizou dados do cliente ID: 2 [] []
[2025-02-18T18:43:35.500447+01:00] app_logs.INFO: regin - Eliminado o cliente id: 7 [] []
[2025-02-18T19:00:28.177871+01:00] app_logs.INFO: regin - Eliminado o cliente id: 7 [] []
[2025-02-18T19:00:34.242474+01:00] app_logs.INFO: agente1@bng.com - fez logout [] []
[2025-02-18T19:04:30.454428+01:00] app_logs.INFO: agente1@bng.com - login com sucesso [] []
